This is pdfTeX, Version 3.14159265-2.6-1.40.21 (TeX Live 2020/Debian) (preloaded format=pdflatex 2021.2.5)  7 MAR 2021 15:24
entering extended mode
 restricted \write18 enabled.
 file:line:error style messages enabled.
 %&-line parsing enabled.
**/home/nachikamod/Drive/workspace/final_year_project/latex/patent_v1.tex
(/home/nachikamod/Drive/workspace/final_year_project/latex/patent_v1.tex
LaTeX2e <2020-10-01> patch level 4
L3 programming layer <2021-01-09> xparse <2020-03-03> (/usr/share/texlive/texmf-dist/tex/latex/base/report.cls
Document Class: report 2020/04/10 v1.4m Standard LaTeX document class
(/usr/share/texlive/texmf-dist/tex/latex/base/size10.clo
File: size10.clo 2020/04/10 v1.4m Standard LaTeX file (size option)
)
\c@part=\count177
\c@chapter=\count178
\c@section=\count179
\c@subsection=\count180
\c@subsubsection=\count181
\c@paragraph=\count182
\c@subparagraph=\count183
\c@figure=\count184
\c@table=\count185
\abovecaptionskip=\skip47
\belowcaptionskip=\skip48
\bibindent=\dimen138
) (/usr/share/texlive/texmf-dist/tex/latex/graphics/graphicx.sty
Package: graphicx 2020/09/09 v1.2b Enhanced LaTeX Graphics (DPC,SPQR)
 (/usr/share/texlive/texmf-dist/tex/latex/graphics/keyval.sty
Package: keyval 2014/10/28 v1.15 key=value parser (DPC)
\KV@toks@=\toks15
) (/usr/share/texlive/texmf-dist/tex/latex/graphics/graphics.sty
Package: graphics 2020/08/30 v1.4c Standard LaTeX Graphics (DPC,SPQR)
 (/usr/share/texlive/texmf-dist/tex/latex/graphics/trig.sty
Package: trig 2016/01/03 v1.10 sin cos tan (DPC)
) (/usr/share/texlive/texmf-dist/tex/latex/graphics-cfg/graphics.cfg
File: graphics.cfg 2016/06/04 v1.11 sample graphics configuration
)
Package graphics Info: Driver file: pdftex.def on input line 105.
 (/usr/share/texlive/texmf-dist/tex/latex/graphics-def/pdftex.def
File: pdftex.def 2020/10/05 v1.2a Graphics/color driver for pdftex
))
\Gin@req@height=\dimen139
\Gin@req@width=\dimen140
) (/usr/share/texlive/texmf-dist/tex/latex/tocloft/tocloft.sty
Package: tocloft 2017/08/31 v2.3i parameterised ToC, etc., typesetting
Package tocloft Info: The document has chapter divisions on input line 51.
\cftparskip=\skip49
\cftbeforetoctitleskip=\skip50
\cftaftertoctitleskip=\skip51
\cftbeforepartskip=\skip52
\cftpartnumwidth=\skip53
\cftpartindent=\skip54
\cftbeforechapskip=\skip55
\cftchapindent=\skip56
\cftchapnumwidth=\skip57
\cftbeforesecskip=\skip58
\cftsecindent=\skip59
\cftsecnumwidth=\skip60
\cftbeforesubsecskip=\skip61
\cftsubsecindent=\skip62
\cftsubsecnumwidth=\skip63
\cftbeforesubsubsecskip=\skip64
\cftsubsubsecindent=\skip65
\cftsubsubsecnumwidth=\skip66
\cftbeforeparaskip=\skip67
\cftparaindent=\skip68
\cftparanumwidth=\skip69
\cftbeforesubparaskip=\skip70
\cftsubparaindent=\skip71
\cftsubparanumwidth=\skip72
\cftbeforeloftitleskip=\skip73
\cftafterloftitleskip=\skip74
\cftbeforefigskip=\skip75
\cftfigindent=\skip76
\cftfignumwidth=\skip77
\c@lofdepth=\count186
\c@lotdepth=\count187
\cftbeforelottitleskip=\skip78
\cftafterlottitleskip=\skip79
\cftbeforetabskip=\skip80
\cfttabindent=\skip81
\cfttabnumwidth=\skip82
) (/usr/share/texlive/texmf-dist/tex/latex/placeins/placeins.sty
Package: placeins 2005/04/18  v 2.2
) (/usr/share/texlive/texmf-dist/tex/latex/siunitx/siunitx.sty (/usr/share/texlive/texmf-dist/tex/latex/l3kernel/expl3.sty
Package: expl3 2021-01-09 L3 programming layer (loader) 
 (/usr/share/texlive/texmf-dist/tex/latex/l3backend/l3backend-pdftex.def
File: l3backend-pdftex.def 2021-01-09 L3 backend support: PDF output (pdfTeX)
\l__kernel_color_stack_int=\count188
\l__pdf_internal_box=\box47
)) (/usr/share/texlive/texmf-dist/tex/latex/l3packages/xparse/xparse.sty
Package: xparse 2020-10-27 L3 Experimental document command parser
 (/usr/share/texlive/texmf-dist/tex/latex/l3packages/xparse/xparse-generic.tex))
Package: siunitx 2020/02/25 v2.8b A comprehensive (SI) units package
 (/usr/share/texlive/texmf-dist/tex/latex/amsmath/amstext.sty
Package: amstext 2000/06/29 v2.01 AMS text
 (/usr/share/texlive/texmf-dist/tex/latex/amsmath/amsgen.sty
File: amsgen.sty 1999/11/30 v2.0 generic functions
\@emptytoks=\toks16
\ex@=\dimen141
)) (/usr/share/texlive/texmf-dist/tex/latex/tools/array.sty
Package: array 2020/10/01 v2.5c Tabular extension package (FMi)
\col@sep=\dimen142
\ar@mcellbox=\box48
\extrarowheight=\dimen143
\NC@list=\toks17
\extratabsurround=\skip83
\backup@length=\skip84
\ar@cellbox=\box49
) (/usr/share/texlive/texmf-dist/tex/latex/l3packages/l3keys2e/l3keys2e.sty
Package: l3keys2e 2020-10-27 LaTeX2e option processing using LaTeX3 keys
)
\l__siunitx_tmp_box=\box50
\l__siunitx_tmp_dim=\dimen144
\l__siunitx_tmp_int=\count189
\l__siunitx_number_mantissa_length_int=\count190
\l__siunitx_number_uncert_length_int=\count191
\l__siunitx_round_int=\count192
\l__siunitx_process_decimal_int=\count193
\l__siunitx_process_uncertainty_int=\count194
\l__siunitx_process_fixed_int=\count195
\l__siunitx_process_integer_min_int=\count196
\l__siunitx_process_precision_int=\count197
\l__siunitx_group_min_int=\count198
\l__siunitx_angle_marker_box=\box51
\l__siunitx_angle_unit_box=\box52
\l__siunitx_angle_marker_dim=\dimen145
\l__siunitx_angle_unit_dim=\dimen146
\l__siunitx_unit_int=\count199
\l__siunitx_unit_denominator_int=\count266
\l__siunitx_unit_numerator_int=\count267
\l__siunitx_unit_prefix_int=\count268
\l__siunitx_unit_prefix_base_int=\count269
\l__siunitx_unit_prefix_gram_int=\count270
\l__siunitx_number_product_int=\count271
\c__siunitx_one_fill_skip=\skip85
\l__siunitx_table_unit_align_skip=\skip86
\l__siunitx_table_exponent_dim=\dimen147
\l__siunitx_table_integer_dim=\dimen148
\l__siunitx_table_mantissa_dim=\dimen149
\l__siunitx_table_marker_dim=\dimen150
\l__siunitx_table_result_dim=\dimen151
\l__siunitx_table_uncert_dim=\dimen152
\l__siunitx_table_fill_pre_dim=\dimen153
\l__siunitx_table_fill_post_dim=\dimen154
\l__siunitx_table_fill_mid_dim=\dimen155
\l__siunitx_table_pre_box=\box53
\l__siunitx_table_post_box=\box54
\l__siunitx_table_mantissa_box=\box55
\l__siunitx_table_result_box=\box56
\l__siunitx_table_number_align_skip=\skip87
\l__siunitx_table_text_align_skip=\skip88
 (/usr/share/texlive/texmf-dist/tex/latex/translator/translator.sty
Package: translator 2020-08-03 v1.12c Easy translation of strings in LaTeX
)) (/usr/share/texlive/texmf-dist/tex/latex/subfiles/subfiles.sty
Package: subfiles 2020/11/14 v2.2 Multi-file projects (package)
 (/usr/share/texlive/texmf-dist/tex/latex/import/import.sty
Package: import 2020/04/01  v 6.2
)) (/usr/share/texlive/texmf-dist/tex/latex/amsmath/amsmath.sty
Package: amsmath 2020/09/23 v2.17i AMS math features
\@mathmargin=\skip89

For additional information on amsmath, use the `?' option.
(/usr/share/texlive/texmf-dist/tex/latex/amsmath/amsbsy.sty
Package: amsbsy 1999/11/29 v1.2d Bold Symbols
\pmbraise@=\dimen156
) (/usr/share/texlive/texmf-dist/tex/latex/amsmath/amsopn.sty
Package: amsopn 2016/03/08 v2.02 operator names
)
\inf@bad=\count272
LaTeX Info: Redefining \frac on input line 234.
\uproot@=\count273
\leftroot@=\count274
LaTeX Info: Redefining \overline on input line 399.
\classnum@=\count275
\DOTSCASE@=\count276
LaTeX Info: Redefining \ldots on input line 496.
LaTeX Info: Redefining \dots on input line 499.
LaTeX Info: Redefining \cdots on input line 620.
\Mathstrutbox@=\box57
\strutbox@=\box58
\big@size=\dimen157
LaTeX Font Info:    Redeclaring font encoding OML on input line 743.
LaTeX Font Info:    Redeclaring font encoding OMS on input line 744.
\macc@depth=\count277
\c@MaxMatrixCols=\count278
\dotsspace@=\muskip16
\c@parentequation=\count279
\dspbrk@lvl=\count280
\tag@help=\toks18
\row@=\count281
\column@=\count282
\maxfields@=\count283
\andhelp@=\toks19
\eqnshift@=\dimen158
\alignsep@=\dimen159
\tagshift@=\dimen160
\tagwidth@=\dimen161
\totwidth@=\dimen162
\lineht@=\dimen163
\@envbody=\toks20
\multlinegap=\skip90
\multlinetaggap=\skip91
\mathdisplay@stack=\toks21
LaTeX Info: Redefining \[ on input line 2923.
LaTeX Info: Redefining \] on input line 2924.
) (/usr/share/texlive/texmf-dist/tex/latex/amsfonts/amssymb.sty
Package: amssymb 2013/01/14 v3.01 AMS font symbols
 (/usr/share/texlive/texmf-dist/tex/latex/amsfonts/amsfonts.sty
Package: amsfonts 2013/01/14 v3.01 Basic AMSFonts support
\symAMSa=\mathgroup4
\symAMSb=\mathgroup5
LaTeX Font Info:    Redeclaring math symbol \hbar on input line 98.
LaTeX Font Info:    Overwriting math alphabet `\mathfrak' in version `bold'
(Font)                  U/euf/m/n --> U/euf/b/n on input line 106.
)) (/home/nachikamod/Drive/workspace/final_year_project/latex/patent_v1.aux)
\openout1 = `patent_v1.aux'.

LaTeX Font Info:    Checking defaults for OML/cmm/m/it on input line 16.
LaTeX Font Info:    ... okay on input line 16.
LaTeX Font Info:    Checking defaults for OMS/cmsy/m/n on input line 16.
LaTeX Font Info:    ... okay on input line 16.
LaTeX Font Info:    Checking defaults for OT1/cmr/m/n on input line 16.
LaTeX Font Info:    ... okay on input line 16.
LaTeX Font Info:    Checking defaults for T1/cmr/m/n on input line 16.
LaTeX Font Info:    ... okay on input line 16.
LaTeX Font Info:    Checking defaults for TS1/cmr/m/n on input line 16.
LaTeX Font Info:    ... okay on input line 16.
LaTeX Font Info:    Checking defaults for OMX/cmex/m/n on input line 16.
LaTeX Font Info:    ... okay on input line 16.
LaTeX Font Info:    Checking defaults for U/cmr/m/n on input line 16.
LaTeX Font Info:    ... okay on input line 16.
 (/usr/share/texlive/texmf-dist/tex/context/base/mkii/supp-pdf.mkii
[Loading MPS to PDF converter (version 2006.09.02).]
\scratchcounter=\count284
\scratchdimen=\dimen164
\scratchbox=\box59
\nofMPsegments=\count285
\nofMParguments=\count286
\everyMPshowfont=\toks22
\MPscratchCnt=\count287
\MPscratchDim=\dimen165
\MPnumerator=\count288
\makeMPintoPDFobject=\count289
\everyMPtoPDFconversion=\toks23
) (/usr/share/texlive/texmf-dist/tex/latex/epstopdf-pkg/epstopdf-base.sty
Package: epstopdf-base 2020-01-24 v2.11 Base part for package epstopdf
Package epstopdf-base Info: Redefining graphics rule for `.eps' on input line 485.
 (/usr/share/texlive/texmf-dist/tex/latex/latexconfig/epstopdf-sys.cfg
File: epstopdf-sys.cfg 2010/07/13 v1.3 Configuration of (r)epstopdf for TeX Live
)) (/usr/share/texlive/texmf-dist/tex/latex/siunitx/siunitx-abbreviations.cfg
File: siunitx-abbreviations.cfg 2017/11/26 v2.7k siunitx: Abbreviated units
) (/usr/share/texlive/texmf-dist/tex/latex/translator/translator-basic-dictionary-English.dict
Dictionary: translator-basic-dictionary, Language: English 
)
LaTeX Font Info:    Trying to load font information for U+msa on input line 16.
 (/usr/share/texlive/texmf-dist/tex/latex/amsfonts/umsa.fd
File: umsa.fd 2013/01/14 v3.01 AMS symbols A
)
LaTeX Font Info:    Trying to load font information for U+msb on input line 16.
 (/usr/share/texlive/texmf-dist/tex/latex/amsfonts/umsb.fd
File: umsb.fd 2013/01/14 v3.01 AMS symbols B
) [1


{/var/lib/texmf/fonts/map/pdftex/updmap/pdftex.map}] (/home/nachikamod/Drive/workspace/final_year_project/latex/patent_v1.toc)
\tf@toc=\write3
\openout3 = `patent_v1.toc'.

 [1


] (/home/nachikamod/Drive/workspace/final_year_project/latex/patent_v1.lof)
\tf@lof=\write4
\openout4 = `patent_v1.lof'.

 [2


]
Chapter 1.
(/home/nachikamod/Drive/workspace/final_year_project/latex/subfiles/chapter_1/introduction/introduction.tex) (/home/nachikamod/Drive/workspace/final_year_project/latex/subfiles/chapter_1/abstract/abstract.tex) [3


] [4

]
Chapter 2.
(/home/nachikamod/Drive/workspace/final_year_project/latex/subfiles/chapter_2/literature_survey/literature_survey.tex) [5

] (/home/nachikamod/Drive/workspace/final_year_project/latex/subfiles/chapter_2/conclusion/conclusion.tex) [6

]
Chapter 3.
(/home/nachikamod/Drive/workspace/final_year_project/latex/subfiles/chapter_3/methodology/methodology.tex
<./images//sound_waves.png, id=29, 1023.825pt x 448.67625pt>
File: ./images//sound_waves.png Graphic file (type png)
<use ./images//sound_waves.png>
Package pdftex.def Info: ./images//sound_waves.png  used on input line 16.
(pdftex.def)             Requested size: 229.5pt x 100.57126pt.
<./images//sound_propogation_for_speaker.png, id=30, 1927.2pt x 1084.05pt>
File: ./images//sound_propogation_for_speaker.png Graphic file (type png)
<use ./images//sound_propogation_for_speaker.png>
Package pdftex.def Info: ./images//sound_propogation_for_speaker.png  used on input line 27.
(pdftex.def)             Requested size: 469.0pt x 263.79985pt.
 [7

 </home/nachikamod/Drive/workspace/final_year_project/latex/./images//sound_waves.png>]
<./images//reverberation.png, id=36, 454.69875pt x 405.515pt>
File: ./images//reverberation.png Graphic file (type png)
<use ./images//reverberation.png>
Package pdftex.def Info: ./images//reverberation.png  used on input line 46.
(pdftex.def)             Requested size: 229.5pt x 204.67516pt.
 [8 </home/nachikamod/Drive/workspace/final_year_project/latex/./images//sound_propogation_for_speaker.png> </home/nachikamod/Drive/workspace/final_year_project/latex/./images//reverberation.png>]) (/home/nachikamod/Drive/workspace/final_year_project/latex/subfiles/chapter_3/specifications/specifications.tex
<./images//web_cam.jpg, id=42, 1104.125pt x 1104.125pt>
File: ./images//web_cam.jpg Graphic file (type jpg)
<use ./images//web_cam.jpg>
Package pdftex.def Info: ./images//web_cam.jpg  used on input line 13.
(pdftex.def)             Requested size: 113.81102pt x 113.80533pt.
<./images//raspberry_pi.png, id=43, 793.96625pt x 429.605pt>
File: ./images//raspberry_pi.png Graphic file (type png)
<use ./images//raspberry_pi.png>
Package pdftex.def Info: ./images//raspberry_pi.png  used on input line 32.
(pdftex.def)             Requested size: 229.5pt x 124.17583pt.
 [9 </home/nachikamod/Drive/workspace/final_year_project/latex/./images//web_cam.jpg> </home/nachikamod/Drive/workspace/final_year_project/latex/./images//raspberry_pi.png>]
<./images//servo.png, id=48, 390.45876pt x 279.0425pt>
File: ./images//servo.png Graphic file (type png)
<use ./images//servo.png>
Package pdftex.def Info: ./images//servo.png  used on input line 65.
(pdftex.def)             Requested size: 142.26378pt x 101.6687pt.
<./images//lm386.png, id=49, 447.92343pt x 330.48468pt>
File: ./images//lm386.png Graphic file (type png)
<use ./images//lm386.png>
Package pdftex.def Info: ./images//lm386.png  used on input line 86.
(pdftex.def)             Requested size: 142.26378pt x 104.9605pt.
<./images//mcp42010.png, id=50, 248.93pt x 207.77625pt>
File: ./images//mcp42010.png Graphic file (type png)
<use ./images//mcp42010.png>
Package pdftex.def Info: ./images//mcp42010.png  used on input line 104.
(pdftex.def)             Requested size: 142.26378pt x 118.74754pt.
 [10 </home/nachikamod/Drive/workspace/final_year_project/latex/./images//servo.png> </home/nachikamod/Drive/workspace/final_year_project/latex/./images//lm386.png> </home/nachikamod/Drive/workspace/final_year_project/latex/./images//mcp42010.png>]) [11

]
Chapter 4.
(/home/nachikamod/Drive/workspace/final_year_project/latex/subfiles/chapter_4/block_diagram_intro/block_diagram_intro.tex
<./images//block_diagram.png, id=61, 500.87125pt x 463.7325pt>
File: ./images//block_diagram.png Graphic file (type png)
<use ./images//block_diagram.png>
Package pdftex.def Info: ./images//block_diagram.png  used on input line 6.
(pdftex.def)             Requested size: 469.0pt x 434.24574pt.
 [12


] [13 </home/nachikamod/Drive/workspace/final_year_project/latex/./images//block_diagram.png>] (/home/nachikamod/Drive/workspace/final_year_project/latex/subfiles/chapter_4/block_diagram_intro/../depth_estimation_unit/depth_estimation_unit.tex
<./images//assembly.png, id=70, 1007.765pt x 490.83376pt>
File: ./images//assembly.png Graphic file (type png)
<use ./images//assembly.png>
Package pdftex.def Info: ./images//assembly.png  used on input line 9.
(pdftex.def)             Requested size: 229.5pt x 111.77344pt.
) (/home/nachikamod/Drive/workspace/final_year_project/latex/subfiles/chapter_4/block_diagram_intro/../micro_processor/micro_processor.tex) (/home/nachikamod/Drive/workspace/final_year_project/latex/subfiles/chapter_4/block_diagram_intro/../mechanical_unit/mechanical_unit.tex) (/home/nachikamod/Drive/workspace/final_year_project/latex/subfiles/chapter_4/block_diagram_intro/../audio_processing_unit/audio_processing_unit.tex [14


 </home/nachikamod/Drive/workspace/final_year_project/latex/./images//assembly.png>])) [15

]
Chapter 5.
(/home/nachikamod/Drive/workspace/final_year_project/latex/subfiles/chapter_5/hardware_design_intro/hardware_design_intro.tex (/home/nachikamod/Drive/workspace/final_year_project/latex/subfiles/chapter_5/hardware_design_intro/../mathematical_model/listener_tracking_model/listener_tracking_model.tex
<./images//stereo_vision_pixel_xl_xr.png, id=79, 910.40125pt x 341.275pt>
File: ./images//stereo_vision_pixel_xl_xr.png Graphic file (type png)
<use ./images//stereo_vision_pixel_xl_xr.png>
Package pdftex.def Info: ./images//stereo_vision_pixel_xl_xr.png  used on input line 43.
(pdftex.def)             Requested size: 469.0pt x 175.81326pt.
 [16

]
<./images//stereo_vision_geometry.png, id=83, 613.29124pt x 397.485pt>
File: ./images//stereo_vision_geometry.png Graphic file (type png)
<use ./images//stereo_vision_geometry.png>
Package pdftex.def Info: ./images//stereo_vision_geometry.png  used on input line 51.
(pdftex.def)             Requested size: 229.5pt x 148.74112pt.
<./images//aa_criterion.png, id=84, 892.33376pt x 306.14375pt>
File: ./images//aa_criterion.png Graphic file (type png)
<use ./images//aa_criterion.png>
Package pdftex.def Info: ./images//aa_criterion.png  used on input line 70.
(pdftex.def)             Requested size: 229.5pt x 78.73596pt.
 [17 </home/nachikamod/Drive/workspace/final_year_project/latex/./images//stereo_vision_pixel_xl_xr.png> </home/nachikamod/Drive/workspace/final_year_project/latex/./images//stereo_vision_geometry.png> </home/nachikamod/Drive/workspace/final_year_project/latex/./images//aa_criterion.png>])) [18

] (/home/nachikamod/Drive/workspace/final_year_project/latex/patent_v1.aux) ) 
Here is how much of TeX's memory you used:
 5396 strings out of 479304
 118369 string characters out of 5869780
 374105 words of memory out of 5000000
 22424 multiletter control sequences out of 15000+600000
 416646 words of font info for 78 fonts, out of 8000000 for 9000
 1141 hyphenation exceptions out of 8191
 68i,13n,75p,351b,913s stack positions out of 5000i,500n,10000p,200000b,80000s
{/usr/share/texmf/fonts/enc/dvips/cm-super/cm-super-ts1.enc}</usr/share/texlive/texmf-dist/fonts/type1/public/amsfonts/cm/cmbx10.pfb></usr/share/texlive/texmf-dist/fonts/type1/public/amsfonts/cm/cmbx12.pfb></usr/share/texlive/texmf-dist/fonts/type1/public/amsfonts/cm/cmmi10.pfb></usr/share/texlive/texmf-dist/fonts/type1/public/amsfonts/cm/cmmi12.pfb></usr/share/texlive/texmf-dist/fonts/type1/public/amsfonts/cm/cmmi7.pfb></usr/share/texlive/texmf-dist/fonts/type1/public/amsfonts/cm/cmmi8.pfb></usr/share/texlive/texmf-dist/fonts/type1/public/amsfonts/cm/cmr10.pfb></usr/share/texlive/texmf-dist/fonts/type1/public/amsfonts/cm/cmr12.pfb></usr/share/texlive/texmf-dist/fonts/type1/public/amsfonts/cm/cmsy10.pfb></usr/share/texlive/texmf-dist/fonts/type1/public/amsfonts/cm/cmsy7.pfb></usr/share/texlive/texmf-dist/fonts/type1/public/amsfonts/cm/cmsy8.pfb></usr/share/texlive/texmf-dist/fonts/type1/public/amsfonts/symbols/msam10.pfb></usr/share/texmf/fonts/type1/public/cm-super/sfrm1000.pfb>
Output written on /home/nachikamod/Drive/workspace/final_year_project/latex/patent_v1.pdf (19 pages, 2658799 bytes).
PDF statistics:
 145 PDF objects out of 1000 (max. 8388607)
 85 compressed objects within 1 object stream
 0 named destinations out of 1000 (max. 500000)
 66 words of extra memory for PDF output out of 10000 (max. 10000000)

