This is pdfTeX, Version 3.14159265-2.6-1.40.21 (TeX Live 2020/Debian) (preloaded format=pdflatex 2021.2.5)  7 MAR 2021 04:32
entering extended mode
 restricted \write18 enabled.
 file:line:error style messages enabled.
 %&-line parsing enabled.
**/home/nachikamod/Drive/workspace/final_year_project/latex/subfiles/chapter_5/mathematical_model/listener_tracking_model/listener_tracking_model.tex
(/home/nachikamod/Drive/workspace/final_year_project/latex/subfiles/chapter_5/mathematical_model/listener_tracking_model/listener_tracking_model.tex
LaTeX2e <2020-10-01> patch level 4
L3 programming layer <2021-01-09> xparse <2020-03-03> (/usr/share/texlive/texmf-dist/tex/latex/subfiles/subfiles.cls
Document Class: subfiles 2020/11/14 v2.2 Multi-file projects (class)
Preamble taken from file `../../hardware_design_intro/hardware_design_intro.tex'
(/usr/share/texlive/texmf-dist/tex/latex/import/import.sty
Package: import 2020/04/01  v 6.2
) (/home/nachikamod/Drive/workspace/final_year_project/latex/subfiles/chapter_5/mathematical_model/listener_tracking_model/../../hardware_design_intro/hardware_design_intro.tex

/home/nachikamod/Drive/workspace/final_year_project/latex/subfiles/chapter_5/mathematical_model/listener_tracking_model/../../hardware_design_intro/hardware_design_intro.tex:2: LaTeX Error: Option clash for document class subfiles.

See the LaTeX manual or LaTeX Companion for explanation.
Type  H <return>  for immediate help.
 ...                                              
                                                  
l.2 
    
The package subfiles has already been loaded with options:
  [../../hardware_design_intro/hardware_design_intro.tex]
There has now been an attempt to load it with options
  [../../../patent_v1.tex]
Adding the global options:
  ../../hardware_design_intro/hardware_design_intro.tex,../../../patent_v1.tex
to your \documentclass declaration may fix this.
Try typing  <return>  to proceed.

(/usr/share/texlive/texmf-dist/tex/latex/l3backend/l3backend-pdftex.def
File: l3backend-pdftex.def 2021-01-09 L3 backend support: PDF output (pdfTeX)
\l__kernel_color_stack_int=\count177
\l__pdf_internal_box=\box47
) (/home/nachikamod/Drive/workspace/final_year_project/latex/subfiles/chapter_5/mathematical_model/listener_tracking_model/listener_tracking_model.aux)
\openout1 = `listener_tracking_model.aux'.

LaTeX Font Info:    Checking defaults for OML/cmm/m/it on input line 3.
LaTeX Font Info:    ... okay on input line 3.
LaTeX Font Info:    Checking defaults for OMS/cmsy/m/n on input line 3.
LaTeX Font Info:    ... okay on input line 3.
LaTeX Font Info:    Checking defaults for OT1/cmr/m/n on input line 3.
LaTeX Font Info:    ... okay on input line 3.
LaTeX Font Info:    Checking defaults for T1/cmr/m/n on input line 3.
LaTeX Font Info:    ... okay on input line 3.
LaTeX Font Info:    Checking defaults for TS1/cmr/m/n on input line 3.
LaTeX Font Info:    ... okay on input line 3.
LaTeX Font Info:    Checking defaults for OMX/cmex/m/n on input line 3.
LaTeX Font Info:    ... okay on input line 3.
LaTeX Font Info:    Checking defaults for U/cmr/m/n on input line 3.
LaTeX Font Info:    ... okay on input line 3.


/home/nachikamod/Drive/workspace/final_year_project/latex/subfiles/chapter_5/mathematical_model/listener_tracking_model/../../hardware_design_intro/hardware_design_intro.tex:3: LaTeX Error: The font size command \normalsize is not defined:
               there is probably something wrong with the class file.

See the LaTeX manual or LaTeX Companion for explanation.
Type  H <return>  for immediate help.
 ...                                              
                                                  
l.3 \begin{document}
                    
Your command was ignored.
Type  I <command> <return>  to replace it with another command,
or  <return>  to continue without it.


/home/nachikamod/Drive/workspace/final_year_project/latex/subfiles/chapter_5/mathematical_model/listener_tracking_model/../../hardware_design_intro/hardware_design_intro.tex:7: LaTeX Error: Environment description undefined.

See the LaTeX manual or LaTeX Companion for explanation.
Type  H <return>  for immediate help.
 ...                                              
                                                  
l.7 \begin{description}
                       
Your command was ignored.
Type  I <command> <return>  to replace it with another command,
or  <return>  to continue without it.


/home/nachikamod/Drive/workspace/final_year_project/latex/subfiles/chapter_5/mathematical_model/listener_tracking_model/../../hardware_design_intro/hardware_design_intro.tex:8: LaTeX Error: Lonely \item--perhaps a missing list environment.

See the LaTeX manual or LaTeX Companion for explanation.
Type  H <return>  for immediate help.
 ...                                              
                                                  
l.8     \item[1.]
                 Mathematical model.
Try typing  <return>  to proceed.
If that doesn't work, type  X <return>  to quit.


/home/nachikamod/Drive/workspace/final_year_project/latex/subfiles/chapter_5/mathematical_model/listener_tracking_model/../../hardware_design_intro/hardware_design_intro.tex:9: LaTeX Error: Lonely \item--perhaps a missing list environment.

See the LaTeX manual or LaTeX Companion for explanation.
Type  H <return>  for immediate help.
 ...                                              
                                                  
l.9     \item[2.]
                 Simulation and verification of algorithm.
Try typing  <return>  to proceed.
If that doesn't work, type  X <return>  to quit.


/home/nachikamod/Drive/workspace/final_year_project/latex/subfiles/chapter_5/mathematical_model/listener_tracking_model/../../hardware_design_intro/hardware_design_intro.tex:10: LaTeX Error: Lonely \item--perhaps a missing list environment.

See the LaTeX manual or LaTeX Companion for explanation.
Type  H <return>  for immediate help.
 ...                                              
                                                  
l.10     \item[3.]
                  Calibration of sensor.
Try typing  <return>  to proceed.
If that doesn't work, type  X <return>  to quit.


/home/nachikamod/Drive/workspace/final_year_project/latex/subfiles/chapter_5/mathematical_model/listener_tracking_model/../../hardware_design_intro/hardware_design_intro.tex:11: LaTeX Error: Lonely \item--perhaps a missing list environment.

See the LaTeX manual or LaTeX Companion for explanation.
Type  H <return>  for immediate help.
 ...                                              
                                                  
l.11     \item[4.]
                  Hardware Design.
Try typing  <return>  to proceed.
If that doesn't work, type  X <return>  to quit.


/home/nachikamod/Drive/workspace/final_year_project/latex/subfiles/chapter_5/mathematical_model/listener_tracking_model/../../hardware_design_intro/hardware_design_intro.tex:12: LaTeX Error: \begin{document} ended by \end{description}.

See the LaTeX manual or LaTeX Companion for explanation.
Type  H <return>  for immediate help.
 ...                                              
                                                  
l.12 \end{description}
                      
Your command was ignored.
Type  I <command> <return>  to replace it with another command,
or  <return>  to continue without it.

/home/nachikamod/Drive/workspace/final_year_project/latex/subfiles/chapter_5/mathematical_model/listener_tracking_model/../../hardware_design_intro/hardware_design_intro.tex:14: Undefined control sequence.
l.14 \section
             {Mathematical model}
The control sequence at the end of the top line
of your error message was never \def'ed. If you have
misspelled it (e.g., `\hobx'), type `I' and the correct
spelling (e.g., `I\hbox'). Otherwise just continue,
and I'll forget about whatever was undefined.

/home/nachikamod/Drive/workspace/final_year_project/latex/subfiles/chapter_5/mathematical_model/listener_tracking_model/../../hardware_design_intro/hardware_design_intro.tex:21: Undefined control sequence.
l.21 \subsection
                {Listener tracking model}
The control sequence at the end of the top line
of your error message was never \def'ed. If you have
misspelled it (e.g., `\hobx'), type `I' and the correct
spelling (e.g., `I\hbox'). Otherwise just continue,
and I'll forget about whatever was undefined.


/home/nachikamod/Drive/workspace/final_year_project/latex/subfiles/chapter_5/mathematical_model/listener_tracking_model/../../hardware_design_intro/hardware_design_intro.tex:24: LaTeX Error: The font size command \normalsize is not defined:
               there is probably something wrong with the class file.

See the LaTeX manual or LaTeX Companion for explanation.
Type  H <return>  for immediate help.
 ...                                              
                                                  
l.24 \end{document}
                   
Your command was ignored.
Type  I <command> <return>  to replace it with another command,
or  <return>  to continue without it.

[1{/var/lib/texmf/fonts/map/pdftex/updmap/pdftex.map}]

/home/nachikamod/Drive/workspace/final_year_project/latex/subfiles/chapter_5/mathematical_model/listener_tracking_model/../../hardware_design_intro/hardware_design_intro.tex:24: Package hooks Error: Missing \PopDefaultHookLabel.
(hooks)                The label `subfiles' was pushed but never popped.
(hooks)                Something is wrong.

Type <return> to continue.
 ...                                              
                                                  
l.24 \end{document}
                   

LaTeX does not know anything more about this error, sorry.

Try typing <return> to proceed.
If that doesn't work, type X <return> to quit.


(/home/nachikamod/Drive/workspace/final_year_project/latex/subfiles/chapter_5/mathematical_model/listener_tracking_model/listener_tracking_model.aux) ) ) )
(\end occurred when \ifx on line 2 was incomplete) 
Here is how much of TeX's memory you used:
 243 strings out of 479304
 7644 string characters out of 5869780
 279032 words of memory out of 5000000
 17509 multiletter control sequences out of 15000+600000
 403430 words of font info for 27 fonts, out of 8000000 for 9000
 1141 hyphenation exceptions out of 8191
 57i,4n,63p,288b,69s stack positions out of 5000i,500n,10000p,200000b,80000s
</usr/share/texlive/texmf-dist/fonts/type1/public/amsfonts/cm/cmr10.pfb>
Output written on /home/nachikamod/Drive/workspace/final_year_project/latex/subfiles/chapter_5/mathematical_model/listener_tracking_model/listener_tracking_model.pdf (1 page, 17260 bytes).
PDF statistics:
 12 PDF objects out of 1000 (max. 8388607)
 7 compressed objects within 1 object stream
 0 named destinations out of 1000 (max. 500000)
 1 words of extra memory for PDF output out of 10000 (max. 10000000)

